5.6.2014 11:39:01:161 - info: [daily-15] start friendly
5.6.2014 11:39:01:616 - error: [daily-15] Error post friendly with params:
 { step: 1,
  type: 'office/organizer',
  act: 'friendly',
  Type: 0,
  minvr: 1,
  minp11: 1,
  maxp11: 200 } 
 Result message: Вы уже играете в этом туре
5.6.2014 11:39:01:617 - info: [daily-15] start buy goods
5.6.2014 11:39:01:824 - info: [daily-15] Товара на складе уже закупленно 600000
5.6.2014 11:39:01:825 - info: [daily-15] start repair buildings
5.6.2014 11:39:02:009 - error: [daily-15] Error repair all buildings with params:
 { step: 1,
  type: 'team/buildings',
  firstpage: '/xml/team/buildings.php?act=repairall',
  act: 'repairall2' } 
 Result message: Ваши постройки не требуют ремонта!
5.6.2014 11:39:14:281 - info: [daily-15] start friendly
5.6.2014 11:39:14:618 - error: [daily-15] Error post friendly with params:
 { step: 1,
  type: 'office/organizer',
  act: 'friendly',
  Type: 0,
  minvr: 1,
  minp11: 1,
  maxp11: 200 } 
 Result message: Вы уже играете в этом туре
5.6.2014 11:39:14:620 - info: [daily-15] start get games
5.6.2014 11:39:14:824 - info: [daily-15] done get games
5.6.2014 11:39:15:076 - info: [daily-15] Sending order for gameId 7636652
5.6.2014 11:39:15:076 - info: [daily-15] Get order object (gameId: 7636652)
5.6.2014 11:39:15:077 - info: [daily-15] Sending order for gameId 7484416
5.6.2014 11:39:15:077 - info: [daily-15] Get order object (gameId: 7484416)
5.6.2014 11:39:15:160 - info: [daily-15] Build order complete (gameId 7636652)
5.6.2014 11:39:15:161 - info: [daily-15] Build order complete (gameId 7484416)
5.6.2014 11:42:27:649 - info: [daily-15] start friendly
5.6.2014 11:42:27:896 - error: [daily-15] Error post friendly with params:
 { step: 1,
  type: 'office/organizer',
  act: 'friendly',
  Type: 0,
  minvr: 1,
  minp11: 1,
  maxp11: 200 } 
 Result message: Вы уже играете в этом туре
5.6.2014 11:42:27:897 - info: [daily-15] start buy goods
5.6.2014 11:42:28:122 - info: [daily-15] Товара на складе уже закупленно 600000
5.6.2014 11:42:28:122 - info: [daily-15] start repair buildings
5.6.2014 11:42:28:305 - error: [daily-15] Error repair all buildings with params:
 { step: 1,
  type: 'team/buildings',
  firstpage: '/xml/team/buildings.php?act=repairall',
  act: 'repairall2' } 
 Result message: Ваши постройки не требуют ремонта!
